[2025-01-31 09:37:18Z INFO HostContext] No proxy settings were found based on environmental variables (http_proxy/https_proxy/HTTP_PROXY/HTTPS_PROXY)
[2025-01-31 09:37:18Z INFO HostContext] Well known directory 'Bin': 'C:\metanet\workspace-spring\CICDPrj2\actions-runner\bin'
[2025-01-31 09:37:18Z INFO HostContext] Well known directory 'Root': 'C:\metanet\workspace-spring\CICDPrj2\actions-runner'
[2025-01-31 09:37:18Z INFO HostContext] Well known config file 'Credentials': 'C:\metanet\workspace-spring\CICDPrj2\actions-runner\.credentials'
[2025-01-31 09:37:18Z INFO HostContext] Well known directory 'Bin': 'C:\metanet\workspace-spring\CICDPrj2\actions-runner\bin'
[2025-01-31 09:37:18Z INFO HostContext] Well known directory 'Root': 'C:\metanet\workspace-spring\CICDPrj2\actions-runner'
[2025-01-31 09:37:18Z INFO HostContext] Well known config file 'Runner': 'C:\metanet\workspace-spring\CICDPrj2\actions-runner\.runner'
[2025-01-31 09:37:18Z INFO Listener] Runner is built for Windows (X64) - win-x64.
[2025-01-31 09:37:18Z INFO Listener] RuntimeInformation: Microsoft Windows 10.0.22631.
[2025-01-31 09:37:18Z INFO Listener] Version: 2.321.0
[2025-01-31 09:37:18Z INFO Listener] Commit: e249007931b7c8e857797fa259c167f0bd4f997a
[2025-01-31 09:37:18Z INFO Listener] Culture: ko-KR
[2025-01-31 09:37:18Z INFO Listener] UI Culture: ko-KR
[2025-01-31 09:37:18Z INFO HostContext] Well known directory 'Bin': 'C:\metanet\workspace-spring\CICDPrj2\actions-runner\bin'
[2025-01-31 09:37:18Z INFO HostContext] Well known directory 'Root': 'C:\metanet\workspace-spring\CICDPrj2\actions-runner'
[2025-01-31 09:37:18Z INFO Listener] Validating directory permissions for: 'C:\metanet\workspace-spring\CICDPrj2\actions-runner'
[2025-01-31 09:37:18Z INFO CommandLineParser] Parse
[2025-01-31 09:37:18Z INFO CommandLineParser] Parsing 1 args
[2025-01-31 09:37:18Z INFO CommandLineParser] parsing argument
[2025-01-31 09:37:18Z INFO CommandLineParser] HasArgs: False
[2025-01-31 09:37:18Z INFO CommandLineParser] Adding Command: run
[2025-01-31 09:37:18Z INFO Listener] Arguments parsed
[2025-01-31 09:37:18Z INFO Runner] ExecuteCommand
[2025-01-31 09:37:18Z INFO ConfigurationStore] currentAssemblyLocation: C:\metanet\workspace-spring\CICDPrj2\actions-runner\bin\Runner.Listener.dll
[2025-01-31 09:37:18Z INFO HostContext] Well known directory 'Bin': 'C:\metanet\workspace-spring\CICDPrj2\actions-runner\bin'
[2025-01-31 09:37:18Z INFO ConfigurationStore] binPath: C:\metanet\workspace-spring\CICDPrj2\actions-runner\bin
[2025-01-31 09:37:18Z INFO HostContext] Well known directory 'Bin': 'C:\metanet\workspace-spring\CICDPrj2\actions-runner\bin'
[2025-01-31 09:37:18Z INFO HostContext] Well known directory 'Root': 'C:\metanet\workspace-spring\CICDPrj2\actions-runner'
[2025-01-31 09:37:18Z INFO ConfigurationStore] RootFolder: C:\metanet\workspace-spring\CICDPrj2\actions-runner
[2025-01-31 09:37:18Z INFO HostContext] Well known directory 'Bin': 'C:\metanet\workspace-spring\CICDPrj2\actions-runner\bin'
[2025-01-31 09:37:18Z INFO HostContext] Well known directory 'Root': 'C:\metanet\workspace-spring\CICDPrj2\actions-runner'
[2025-01-31 09:37:18Z INFO HostContext] Well known config file 'Runner': 'C:\metanet\workspace-spring\CICDPrj2\actions-runner\.runner'
[2025-01-31 09:37:18Z INFO ConfigurationStore] ConfigFilePath: C:\metanet\workspace-spring\CICDPrj2\actions-runner\.runner
[2025-01-31 09:37:18Z INFO HostContext] Well known directory 'Bin': 'C:\metanet\workspace-spring\CICDPrj2\actions-runner\bin'
[2025-01-31 09:37:18Z INFO HostContext] Well known directory 'Root': 'C:\metanet\workspace-spring\CICDPrj2\actions-runner'
[2025-01-31 09:37:18Z INFO HostContext] Well known config file 'Credentials': 'C:\metanet\workspace-spring\CICDPrj2\actions-runner\.credentials'
[2025-01-31 09:37:18Z INFO ConfigurationStore] CredFilePath: C:\metanet\workspace-spring\CICDPrj2\actions-runner\.credentials
[2025-01-31 09:37:18Z INFO HostContext] Well known directory 'Bin': 'C:\metanet\workspace-spring\CICDPrj2\actions-runner\bin'
[2025-01-31 09:37:18Z INFO HostContext] Well known directory 'Root': 'C:\metanet\workspace-spring\CICDPrj2\actions-runner'
[2025-01-31 09:37:18Z INFO HostContext] Well known config file 'MigratedCredentials': 'C:\metanet\workspace-spring\CICDPrj2\actions-runner\.credentials_migrated'
[2025-01-31 09:37:18Z INFO ConfigurationStore] MigratedCredFilePath: C:\metanet\workspace-spring\CICDPrj2\actions-runner\.credentials_migrated
[2025-01-31 09:37:18Z INFO HostContext] Well known directory 'Bin': 'C:\metanet\workspace-spring\CICDPrj2\actions-runner\bin'
[2025-01-31 09:37:18Z INFO HostContext] Well known directory 'Root': 'C:\metanet\workspace-spring\CICDPrj2\actions-runner'
[2025-01-31 09:37:18Z INFO HostContext] Well known config file 'Service': 'C:\metanet\workspace-spring\CICDPrj2\actions-runner\.service'
[2025-01-31 09:37:18Z INFO ConfigurationStore] ServiceConfigFilePath: C:\metanet\workspace-spring\CICDPrj2\actions-runner\.service
[2025-01-31 09:37:18Z INFO CommandSettings] Flag 'help': 'False'
[2025-01-31 09:37:18Z INFO CommandSettings] Flag 'version': 'False'
[2025-01-31 09:37:18Z INFO CommandSettings] Flag 'commit': 'False'
[2025-01-31 09:37:18Z INFO CommandSettings] Flag 'check': 'False'
[2025-01-31 09:37:19Z INFO CommandSettings] Command 'configure': 'False'
[2025-01-31 09:37:19Z INFO CommandSettings] Command 'remove': 'False'
[2025-01-31 09:37:19Z INFO CommandSettings] Command 'warmup': 'False'
[2025-01-31 09:37:19Z INFO ConfigurationManager] LoadSettings
[2025-01-31 09:37:19Z INFO ConfigurationStore] IsConfigured()
[2025-01-31 09:37:19Z INFO ConfigurationStore] IsConfigured: True
[2025-01-31 09:37:19Z INFO ConfigurationManager] Is configured: True
[2025-01-31 09:37:19Z INFO ConfigurationStore] Read setting file: 307 chars
[2025-01-31 09:37:19Z INFO ConfigurationManager] Settings Loaded
[2025-01-31 09:37:19Z INFO ConfigurationStore] IsServiceConfigured()
[2025-01-31 09:37:19Z INFO ConfigurationStore] IsServiceConfigured: False
[2025-01-31 09:37:19Z INFO CommandSettings] Command 'run': 'True'
[2025-01-31 09:37:19Z INFO ConfigurationStore] IsConfigured()
[2025-01-31 09:37:19Z INFO ConfigurationStore] IsConfigured: True
[2025-01-31 09:37:19Z INFO ConfigurationManager] Is configured: True
[2025-01-31 09:37:19Z INFO Runner] Could not parse the argument value '' for StartupType. Defaulting to Manual
[2025-01-31 09:37:19Z INFO Runner] Set runner startup type - Manual
[2025-01-31 09:37:19Z INFO CommandSettings] Flag 'once': 'False'
[2025-01-31 09:37:19Z INFO CommandSettings] Flag 'once': 'False'
[2025-01-31 09:37:19Z INFO Runner] RunAsync
[2025-01-31 09:37:19Z INFO ConfigurationManager] LoadSettings
[2025-01-31 09:37:19Z INFO ConfigurationStore] IsConfigured()
[2025-01-31 09:37:19Z INFO ConfigurationStore] IsConfigured: True
[2025-01-31 09:37:19Z INFO ConfigurationManager] Is configured: True
[2025-01-31 09:37:19Z INFO ConfigurationManager] Settings Loaded
[2025-01-31 09:37:19Z INFO MessageListener] {
  "AgentId": 2,
  "AgentName": "DESKTOP-J111HJM",
  "PoolId": 1,
  "PoolName": "Default",
  "ServerUrl": "https://pipelinesghubeus13.actions.githubusercontent.com/WNQ04EYywFXIdJw6XbeCXW2l7ZWoM0xQgvEfODUEabt5lm9f3n/",
  "GitHubUrl": "https://github.com/yoohyelin/pracicd",
  "WorkFolder": "_work"
}
[2025-01-31 09:37:19Z INFO MessageListener] Loading Credentials
[2025-01-31 09:37:19Z INFO ConfigurationStore] HasCredentials()
[2025-01-31 09:37:19Z INFO ConfigurationStore] stored True
[2025-01-31 09:37:19Z INFO CredentialManager] GetCredentialProvider
[2025-01-31 09:37:19Z INFO CredentialManager] Creating type OAuth
[2025-01-31 09:37:19Z INFO CredentialManager] Creating credential type: OAuth
[2025-01-31 09:37:19Z INFO HostContext] Well known directory 'Bin': 'C:\metanet\workspace-spring\CICDPrj2\actions-runner\bin'
[2025-01-31 09:37:19Z INFO HostContext] Well known directory 'Root': 'C:\metanet\workspace-spring\CICDPrj2\actions-runner'
[2025-01-31 09:37:19Z INFO HostContext] Well known config file 'RSACredentials': 'C:\metanet\workspace-spring\CICDPrj2\actions-runner\.credentials_rsaparams'
[2025-01-31 09:37:19Z INFO RSAEncryptedFileKeyManager] Loading RSA key parameters from file C:\metanet\workspace-spring\CICDPrj2\actions-runner\.credentials_rsaparams
[2025-01-31 09:37:19Z INFO MessageListener] Attempt to create session.
[2025-01-31 09:37:19Z INFO MessageListener] Connecting to the Runner Server...
[2025-01-31 09:37:19Z INFO RunnerServer] EstablishVssConnection
[2025-01-31 09:37:19Z INFO RunnerServer] Establish connection with 100 seconds timeout.
[2025-01-31 09:37:19Z INFO GitHubActionsService] Starting operation Location.GetConnectionData
[2025-01-31 09:37:19Z INFO RunnerServer] EstablishVssConnection
[2025-01-31 09:37:19Z INFO RunnerServer] Establish connection with 60 seconds timeout.
[2025-01-31 09:37:19Z INFO GitHubActionsService] Starting operation Location.GetConnectionData
[2025-01-31 09:37:19Z INFO RunnerServer] EstablishVssConnection
[2025-01-31 09:37:19Z INFO RunnerServer] Establish connection with 60 seconds timeout.
[2025-01-31 09:37:19Z INFO GitHubActionsService] Starting operation Location.GetConnectionData
[2025-01-31 09:37:20Z INFO GitHubActionsService] Finished operation Location.GetConnectionData
[2025-01-31 09:37:20Z INFO GitHubActionsService] Finished operation Location.GetConnectionData
[2025-01-31 09:37:20Z INFO GitHubActionsService] Finished operation Location.GetConnectionData
[2025-01-31 09:37:20Z INFO MessageListener] VssConnection created
[2025-01-31 09:37:20Z INFO Terminal] WRITE LINE: 
[2025-01-31 09:37:20Z INFO Terminal] WRITE LINE: 
[2025-01-31 09:37:20Z INFO RSAEncryptedFileKeyManager] Loading RSA key parameters from file C:\metanet\workspace-spring\CICDPrj2\actions-runner\.credentials_rsaparams
[2025-01-31 09:37:20Z INFO RSAEncryptedFileKeyManager] Loading RSA key parameters from file C:\metanet\workspace-spring\CICDPrj2\actions-runner\.credentials_rsaparams
[2025-01-31 09:37:21Z INFO GitHubActionsService] AAD Correlation ID for this token request: Unknown
[2025-01-31 09:37:21Z ERR  GitHubActionsService] POST request to https://pipelinesghubeus13.actions.githubusercontent.com/WNQ04EYywFXIdJw6XbeCXW2l7ZWoM0xQgvEfODUEabt5lm9f3n/_apis/distributedtask/pools/1/sessions failed. HTTP Status: Conflict
[2025-01-31 09:37:21Z ERR  MessageListener] Catch exception during create session.
[2025-01-31 09:37:21Z ERR  MessageListener] GitHub.DistributedTask.WebApi.TaskAgentSessionConflictException: The actions runner DESKTOP-J111HJM already has an active session.
   at GitHub.Services.WebApi.VssHttpClientBase.HandleResponseAsync(HttpResponseMessage response, CancellationToken cancellationToken)
   at GitHub.Services.WebApi.VssHttpClientBase.SendAsync(HttpRequestMessage message, HttpCompletionOption completionOption, Object userState, CancellationToken cancellationToken)
   at GitHub.Services.WebApi.VssHttpClientBase.SendAsync[T](HttpRequestMessage message, Object userState, CancellationToken cancellationToken)
   at GitHub.Services.WebApi.VssHttpClientBase.SendAsync[T](HttpMethod method, IEnumerable`1 additionalHeaders, Guid locationId, Object routeValues, ApiResourceVersion version, HttpContent content, IEnumerable`1 queryParameters, Object userState, CancellationToken cancellationToken)
   at GitHub.Runner.Listener.MessageListener.CreateSessionAsync(CancellationToken token)
[2025-01-31 09:37:21Z INFO MessageListener] The session for this runner already exists.
[2025-01-31 09:37:21Z ERR  Terminal] WRITE ERROR: A session for this runner already exists.
[2025-01-31 09:37:21Z INFO MessageListener] The session conflict exception haven't reached retry limit.
[2025-01-31 09:37:21Z ERR  Terminal] WRITE ERROR: 2025-01-31 09:37:21Z: Runner connect error: The actions runner DESKTOP-J111HJM already has an active session.. Retrying until reconnected.
[2025-01-31 09:37:21Z INFO MessageListener] Sleeping for 30 seconds before retrying.
