[2025-01-31 09:33:40Z INFO HostContext] No proxy settings were found based on environmental variables (http_proxy/https_proxy/HTTP_PROXY/HTTPS_PROXY)
[2025-01-31 09:33:40Z INFO HostContext] Well known directory 'Bin': 'C:\metanet\workspace-spring\CICDPrj2\actions-runner\bin'
[2025-01-31 09:33:40Z INFO HostContext] Well known directory 'Root': 'C:\metanet\workspace-spring\CICDPrj2\actions-runner'
[2025-01-31 09:33:40Z INFO HostContext] Well known config file 'Credentials': 'C:\metanet\workspace-spring\CICDPrj2\actions-runner\.credentials'
[2025-01-31 09:33:40Z INFO HostContext] Well known directory 'Bin': 'C:\metanet\workspace-spring\CICDPrj2\actions-runner\bin'
[2025-01-31 09:33:40Z INFO HostContext] Well known directory 'Root': 'C:\metanet\workspace-spring\CICDPrj2\actions-runner'
[2025-01-31 09:33:40Z INFO HostContext] Well known config file 'Runner': 'C:\metanet\workspace-spring\CICDPrj2\actions-runner\.runner'
[2025-01-31 09:33:40Z INFO Listener] Runner is built for Windows (X64) - win-x64.
[2025-01-31 09:33:40Z INFO Listener] RuntimeInformation: Microsoft Windows 10.0.22631.
[2025-01-31 09:33:40Z INFO Listener] Version: 2.321.0
[2025-01-31 09:33:40Z INFO Listener] Commit: e249007931b7c8e857797fa259c167f0bd4f997a
[2025-01-31 09:33:40Z INFO Listener] Culture: ko-KR
[2025-01-31 09:33:40Z INFO Listener] UI Culture: ko-KR
[2025-01-31 09:33:40Z INFO HostContext] Well known directory 'Bin': 'C:\metanet\workspace-spring\CICDPrj2\actions-runner\bin'
[2025-01-31 09:33:40Z INFO HostContext] Well known directory 'Root': 'C:\metanet\workspace-spring\CICDPrj2\actions-runner'
[2025-01-31 09:33:40Z INFO Listener] Validating directory permissions for: 'C:\metanet\workspace-spring\CICDPrj2\actions-runner'
[2025-01-31 09:33:40Z INFO CommandLineParser] Parse
[2025-01-31 09:33:40Z INFO CommandLineParser] Parsing 5 args
[2025-01-31 09:33:40Z INFO CommandLineParser] parsing argument
[2025-01-31 09:33:40Z INFO CommandLineParser] HasArgs: False
[2025-01-31 09:33:40Z INFO CommandLineParser] Adding Command: configure
[2025-01-31 09:33:40Z INFO CommandLineParser] parsing argument
[2025-01-31 09:33:40Z INFO CommandLineParser] HasArgs: True
[2025-01-31 09:33:40Z INFO CommandLineParser] arg: url
[2025-01-31 09:33:40Z INFO CommandLineParser] parsing argument
[2025-01-31 09:33:40Z INFO CommandLineParser] HasArgs: True
[2025-01-31 09:33:40Z INFO CommandLineParser] Adding option 'url': 'https://github.com/yoohyelin/pracicd'
[2025-01-31 09:33:40Z INFO CommandLineParser] parsing argument
[2025-01-31 09:33:40Z INFO CommandLineParser] HasArgs: True
[2025-01-31 09:33:40Z INFO CommandLineParser] arg: token
[2025-01-31 09:33:40Z INFO CommandLineParser] parsing argument
[2025-01-31 09:33:40Z INFO CommandLineParser] HasArgs: True
[2025-01-31 09:33:40Z INFO CommandLineParser] Adding option 'token': '***'
[2025-01-31 09:33:40Z INFO Listener] Arguments parsed
[2025-01-31 09:33:40Z INFO Runner] ExecuteCommand
[2025-01-31 09:33:40Z INFO ConfigurationStore] currentAssemblyLocation: C:\metanet\workspace-spring\CICDPrj2\actions-runner\bin\Runner.Listener.dll
[2025-01-31 09:33:40Z INFO HostContext] Well known directory 'Bin': 'C:\metanet\workspace-spring\CICDPrj2\actions-runner\bin'
[2025-01-31 09:33:40Z INFO ConfigurationStore] binPath: C:\metanet\workspace-spring\CICDPrj2\actions-runner\bin
[2025-01-31 09:33:40Z INFO HostContext] Well known directory 'Bin': 'C:\metanet\workspace-spring\CICDPrj2\actions-runner\bin'
[2025-01-31 09:33:40Z INFO HostContext] Well known directory 'Root': 'C:\metanet\workspace-spring\CICDPrj2\actions-runner'
[2025-01-31 09:33:40Z INFO ConfigurationStore] RootFolder: C:\metanet\workspace-spring\CICDPrj2\actions-runner
[2025-01-31 09:33:40Z INFO HostContext] Well known directory 'Bin': 'C:\metanet\workspace-spring\CICDPrj2\actions-runner\bin'
[2025-01-31 09:33:40Z INFO HostContext] Well known directory 'Root': 'C:\metanet\workspace-spring\CICDPrj2\actions-runner'
[2025-01-31 09:33:40Z INFO HostContext] Well known config file 'Runner': 'C:\metanet\workspace-spring\CICDPrj2\actions-runner\.runner'
[2025-01-31 09:33:40Z INFO ConfigurationStore] ConfigFilePath: C:\metanet\workspace-spring\CICDPrj2\actions-runner\.runner
[2025-01-31 09:33:40Z INFO HostContext] Well known directory 'Bin': 'C:\metanet\workspace-spring\CICDPrj2\actions-runner\bin'
[2025-01-31 09:33:40Z INFO HostContext] Well known directory 'Root': 'C:\metanet\workspace-spring\CICDPrj2\actions-runner'
[2025-01-31 09:33:40Z INFO HostContext] Well known config file 'Credentials': 'C:\metanet\workspace-spring\CICDPrj2\actions-runner\.credentials'
[2025-01-31 09:33:40Z INFO ConfigurationStore] CredFilePath: C:\metanet\workspace-spring\CICDPrj2\actions-runner\.credentials
[2025-01-31 09:33:40Z INFO HostContext] Well known directory 'Bin': 'C:\metanet\workspace-spring\CICDPrj2\actions-runner\bin'
[2025-01-31 09:33:40Z INFO HostContext] Well known directory 'Root': 'C:\metanet\workspace-spring\CICDPrj2\actions-runner'
[2025-01-31 09:33:40Z INFO HostContext] Well known config file 'MigratedCredentials': 'C:\metanet\workspace-spring\CICDPrj2\actions-runner\.credentials_migrated'
[2025-01-31 09:33:40Z INFO ConfigurationStore] MigratedCredFilePath: C:\metanet\workspace-spring\CICDPrj2\actions-runner\.credentials_migrated
[2025-01-31 09:33:40Z INFO HostContext] Well known directory 'Bin': 'C:\metanet\workspace-spring\CICDPrj2\actions-runner\bin'
[2025-01-31 09:33:40Z INFO HostContext] Well known directory 'Root': 'C:\metanet\workspace-spring\CICDPrj2\actions-runner'
[2025-01-31 09:33:40Z INFO HostContext] Well known config file 'Service': 'C:\metanet\workspace-spring\CICDPrj2\actions-runner\.service'
[2025-01-31 09:33:40Z INFO ConfigurationStore] ServiceConfigFilePath: C:\metanet\workspace-spring\CICDPrj2\actions-runner\.service
[2025-01-31 09:33:40Z INFO CommandSettings] Flag 'help': 'False'
[2025-01-31 09:33:40Z INFO CommandSettings] Flag 'version': 'False'
[2025-01-31 09:33:40Z INFO CommandSettings] Flag 'commit': 'False'
[2025-01-31 09:33:40Z INFO CommandSettings] Flag 'check': 'False'
[2025-01-31 09:33:40Z INFO CommandSettings] Command 'configure': 'True'
[2025-01-31 09:33:40Z INFO Terminal] WRITE LINE: 
[2025-01-31 09:33:40Z INFO Terminal] WRITE LINE: --------------------------------------------------------------------------------
[2025-01-31 09:33:40Z INFO Terminal] WRITE LINE: |        ____ _ _   _   _       _          _        _   _                      |
[2025-01-31 09:33:40Z INFO Terminal] WRITE LINE: |       / ___(_) |_| | | |_   _| |__      / \   ___| |_(_) ___  _ __  ___      |
[2025-01-31 09:33:40Z INFO Terminal] WRITE LINE: |      | |  _| | __| |_| | | | | '_ \    / _ \ / __| __| |/ _ \| '_ \/ __|     |
[2025-01-31 09:33:40Z INFO Terminal] WRITE LINE: |      | |_| | | |_|  _  | |_| | |_) |  / ___ \ (__| |_| | (_) | | | \__ \     |
[2025-01-31 09:33:40Z INFO Terminal] WRITE LINE: |       \____|_|\__|_| |_|\__,_|_.__/  /_/   \_\___|\__|_|\___/|_| |_|___/     |
[2025-01-31 09:33:40Z INFO Terminal] WRITE LINE: |                                                                              |
[2025-01-31 09:33:40Z INFO Terminal] WRITE: |                       
[2025-01-31 09:33:40Z INFO Terminal] WRITE: Self-hosted runner registration
[2025-01-31 09:33:40Z INFO Terminal] WRITE LINE:                         |
[2025-01-31 09:33:40Z INFO Terminal] WRITE LINE: |                                                                              |
[2025-01-31 09:33:40Z INFO Terminal] WRITE LINE: --------------------------------------------------------------------------------
[2025-01-31 09:33:40Z INFO ConfigurationManager] ConfigureAsync
[2025-01-31 09:33:40Z INFO CommandSettings] Flag 'generateServiceConfig': 'False'
[2025-01-31 09:33:40Z INFO ConfigurationStore] IsConfigured()
[2025-01-31 09:33:40Z INFO ConfigurationStore] IsConfigured: False
[2025-01-31 09:33:40Z INFO ConfigurationManager] Is configured: False
[2025-01-31 09:33:40Z INFO CommandSettings] Arg 'url': 'https://github.com/yoohyelin/pracicd'
[2025-01-31 09:33:40Z INFO CommandSettings] Remove url from Arg dictionary.
[2025-01-31 09:33:40Z INFO CommandSettings] Arg 'token': '***'
[2025-01-31 09:33:40Z INFO CommandSettings] Remove token from Arg dictionary.
[2025-01-31 09:33:41Z INFO ConfigurationManager] Http response code: OK from 'POST https://api.github.com/actions/runner-registration' (C3CA:1EE474:457D9F:65B7A6:679C98F5)
[2025-01-31 09:33:41Z INFO ConfigurationManager] Using V2 flow: False
[2025-01-31 09:33:41Z INFO ConfigurationManager] cred retrieved via GitHub auth
[2025-01-31 09:33:41Z INFO RunnerServer] EstablishVssConnection
[2025-01-31 09:33:41Z INFO RunnerServer] Establish connection with 100 seconds timeout.
[2025-01-31 09:33:41Z INFO GitHubActionsService] Starting operation Location.GetConnectionData
[2025-01-31 09:33:41Z INFO RunnerServer] EstablishVssConnection
[2025-01-31 09:33:41Z INFO RunnerServer] Establish connection with 60 seconds timeout.
[2025-01-31 09:33:41Z INFO GitHubActionsService] Starting operation Location.GetConnectionData
[2025-01-31 09:33:41Z INFO RunnerServer] EstablishVssConnection
[2025-01-31 09:33:41Z INFO RunnerServer] Establish connection with 60 seconds timeout.
[2025-01-31 09:33:41Z INFO GitHubActionsService] Starting operation Location.GetConnectionData
[2025-01-31 09:33:42Z INFO GitHubActionsService] Finished operation Location.GetConnectionData
[2025-01-31 09:33:42Z INFO GitHubActionsService] Finished operation Location.GetConnectionData
[2025-01-31 09:33:42Z INFO GitHubActionsService] Finished operation Location.GetConnectionData
[2025-01-31 09:33:42Z INFO Terminal] WRITE LINE: 
[2025-01-31 09:33:42Z INFO ConfigurationManager] Test Connection complete.
[2025-01-31 09:33:42Z INFO HostContext] Well known directory 'Bin': 'C:\metanet\workspace-spring\CICDPrj2\actions-runner\bin'
[2025-01-31 09:33:42Z INFO HostContext] Well known directory 'Root': 'C:\metanet\workspace-spring\CICDPrj2\actions-runner'
[2025-01-31 09:33:42Z INFO HostContext] Well known config file 'RSACredentials': 'C:\metanet\workspace-spring\CICDPrj2\actions-runner\.credentials_rsaparams'
[2025-01-31 09:33:42Z INFO RSAEncryptedFileKeyManager] Creating new RSA key using 2048-bit key length
[2025-01-31 09:33:42Z INFO RSAEncryptedFileKeyManager] Successfully saved RSA key parameters to file C:\metanet\workspace-spring\CICDPrj2\actions-runner\.credentials_rsaparams
[2025-01-31 09:33:42Z INFO CommandSettings] Arg 'runnergroup': ''
[2025-01-31 09:33:42Z INFO CommandSettings] Flag 'unattended': 'False'
[2025-01-31 09:33:42Z INFO PromptManager] ReadValue
[2025-01-31 09:33:42Z INFO Terminal] WRITE: Enter the name of the runner group to add this runner to: 
[2025-01-31 09:33:42Z INFO Terminal] WRITE: [press Enter for Default] 
[2025-01-31 09:33:42Z INFO Terminal] READ LINE
[2025-01-31 09:33:44Z INFO Terminal] Read value: ''
[2025-01-31 09:33:44Z INFO PromptManager] Falling back to the default: 'Default'
[2025-01-31 09:33:44Z INFO Terminal] WRITE LINE: 
[2025-01-31 09:33:44Z INFO ConfigurationManager] Found a self-hosted runner group with id 1 and name Default
[2025-01-31 09:33:44Z INFO CommandSettings] Flag 'disableupdate': 'False'
[2025-01-31 09:33:44Z INFO CommandSettings] Flag 'ephemeral': 'False'
[2025-01-31 09:33:44Z INFO CommandSettings] Arg 'name': ''
[2025-01-31 09:33:44Z INFO CommandSettings] Flag 'unattended': 'False'
[2025-01-31 09:33:44Z INFO PromptManager] ReadValue
[2025-01-31 09:33:44Z INFO Terminal] WRITE: Enter the name of runner: 
[2025-01-31 09:33:44Z INFO Terminal] WRITE: [press Enter for DESKTOP-J111HJM] 
[2025-01-31 09:33:44Z INFO Terminal] READ LINE
[2025-01-31 09:33:45Z INFO Terminal] Read value: ''
[2025-01-31 09:33:45Z INFO PromptManager] Falling back to the default: 'DESKTOP-J111HJM'
[2025-01-31 09:33:45Z INFO Terminal] WRITE LINE: 
[2025-01-31 09:33:45Z INFO CommandSettings] Arg 'labels': ''
[2025-01-31 09:33:45Z INFO CommandSettings] Flag 'unattended': 'False'
[2025-01-31 09:33:45Z INFO PromptManager] ReadValue
[2025-01-31 09:33:45Z INFO Terminal] WRITE: This runner will have the following labels: 'self-hosted', 'Windows', 'X64' 
Enter any additional labels (ex. label-1,label-2): 
[2025-01-31 09:33:45Z INFO Terminal] WRITE: [press Enter to skip] 
[2025-01-31 09:33:45Z INFO Terminal] READ LINE
[2025-01-31 09:33:45Z INFO Terminal] Read value: ''
[2025-01-31 09:33:45Z INFO Terminal] WRITE LINE: 
[2025-01-31 09:33:46Z INFO Terminal] WRITE LINE: A runner exists with the same name
[2025-01-31 09:33:46Z INFO CommandSettings] Flag 'replace': 'False'
[2025-01-31 09:33:46Z INFO CommandSettings] Flag 'unattended': 'False'
[2025-01-31 09:33:46Z INFO PromptManager] ReadValue
[2025-01-31 09:33:46Z INFO Terminal] WRITE: Would you like to replace the existing runner? (Y/N) 
[2025-01-31 09:33:46Z INFO Terminal] WRITE: [press Enter for N] 
[2025-01-31 09:33:46Z INFO Terminal] READ LINE
[2025-01-31 09:33:46Z INFO Terminal] Read value: ''
[2025-01-31 09:33:46Z INFO PromptManager] Falling back to the default: 'N'
[2025-01-31 09:33:46Z INFO CommandSettings] Flag 'unattended': 'False'
[2025-01-31 09:33:46Z INFO CommandSettings] Flag 'disableupdate': 'False'
[2025-01-31 09:33:46Z INFO CommandSettings] Flag 'ephemeral': 'False'
[2025-01-31 09:33:46Z INFO CommandSettings] Arg 'name': ''
[2025-01-31 09:33:46Z INFO CommandSettings] Flag 'unattended': 'False'
[2025-01-31 09:33:46Z INFO PromptManager] ReadValue
[2025-01-31 09:33:46Z INFO Terminal] WRITE: Enter the name of runner: 
[2025-01-31 09:33:46Z INFO Terminal] WRITE: [press Enter for DESKTOP-J111HJM] 
[2025-01-31 09:33:46Z INFO Terminal] READ LINE
[2025-01-31 09:33:47Z INFO Terminal] Read value: ''
[2025-01-31 09:33:47Z INFO PromptManager] Falling back to the default: 'DESKTOP-J111HJM'
[2025-01-31 09:33:47Z INFO Terminal] WRITE LINE: 
[2025-01-31 09:33:47Z INFO CommandSettings] Arg 'labels': ''
[2025-01-31 09:33:47Z INFO CommandSettings] Flag 'unattended': 'False'
[2025-01-31 09:33:47Z INFO PromptManager] ReadValue
[2025-01-31 09:33:47Z INFO Terminal] WRITE: This runner will have the following labels: 'self-hosted', 'Windows', 'X64' 
Enter any additional labels (ex. label-1,label-2): 
[2025-01-31 09:33:47Z INFO Terminal] WRITE: [press Enter to skip] 
[2025-01-31 09:33:47Z INFO Terminal] READ LINE
[2025-01-31 09:33:48Z INFO Terminal] Read value: ''
[2025-01-31 09:33:48Z INFO Terminal] WRITE LINE: 
[2025-01-31 09:33:48Z INFO Terminal] WRITE LINE: A runner exists with the same name
[2025-01-31 09:33:48Z INFO CommandSettings] Flag 'replace': 'False'
[2025-01-31 09:33:48Z INFO CommandSettings] Flag 'unattended': 'False'
[2025-01-31 09:33:48Z INFO PromptManager] ReadValue
[2025-01-31 09:33:48Z INFO Terminal] WRITE: Would you like to replace the existing runner? (Y/N) 
[2025-01-31 09:33:48Z INFO Terminal] WRITE: [press Enter for N] 
[2025-01-31 09:33:48Z INFO Terminal] READ LINE
[2025-01-31 09:33:49Z INFO Terminal] Read value: ''
[2025-01-31 09:33:49Z INFO PromptManager] Falling back to the default: 'N'
[2025-01-31 09:33:49Z INFO CommandSettings] Flag 'unattended': 'False'
[2025-01-31 09:33:49Z INFO CommandSettings] Flag 'disableupdate': 'False'
[2025-01-31 09:33:49Z INFO CommandSettings] Flag 'ephemeral': 'False'
[2025-01-31 09:33:49Z INFO CommandSettings] Arg 'name': ''
[2025-01-31 09:33:49Z INFO CommandSettings] Flag 'unattended': 'False'
[2025-01-31 09:33:49Z INFO PromptManager] ReadValue
[2025-01-31 09:33:49Z INFO Terminal] WRITE: Enter the name of runner: 
[2025-01-31 09:33:49Z INFO Terminal] WRITE: [press Enter for DESKTOP-J111HJM] 
[2025-01-31 09:33:49Z INFO Terminal] READ LINE
[2025-01-31 09:33:50Z INFO Terminal] Read value: ''
[2025-01-31 09:33:50Z INFO PromptManager] Falling back to the default: 'DESKTOP-J111HJM'
[2025-01-31 09:33:50Z INFO Terminal] WRITE LINE: 
[2025-01-31 09:33:50Z INFO CommandSettings] Arg 'labels': ''
[2025-01-31 09:33:50Z INFO CommandSettings] Flag 'unattended': 'False'
[2025-01-31 09:33:50Z INFO PromptManager] ReadValue
[2025-01-31 09:33:50Z INFO Terminal] WRITE: This runner will have the following labels: 'self-hosted', 'Windows', 'X64' 
Enter any additional labels (ex. label-1,label-2): 
[2025-01-31 09:33:50Z INFO Terminal] WRITE: [press Enter to skip] 
[2025-01-31 09:33:50Z INFO Terminal] READ LINE
[2025-01-31 09:33:51Z INFO Terminal] Read value: ''
[2025-01-31 09:33:51Z INFO Terminal] WRITE LINE: 
[2025-01-31 09:33:51Z INFO Terminal] WRITE LINE: A runner exists with the same name
[2025-01-31 09:33:51Z INFO CommandSettings] Flag 'replace': 'False'
[2025-01-31 09:33:51Z INFO CommandSettings] Flag 'unattended': 'False'
[2025-01-31 09:33:51Z INFO PromptManager] ReadValue
[2025-01-31 09:33:51Z INFO Terminal] WRITE: Would you like to replace the existing runner? (Y/N) 
[2025-01-31 09:33:51Z INFO Terminal] WRITE: [press Enter for N] 
[2025-01-31 09:33:51Z INFO Terminal] READ LINE
[2025-01-31 09:33:54Z INFO Terminal] Read value: 'Y'
[2025-01-31 09:33:54Z INFO CommandSettings] Flag 'disableupdate': 'False'
[2025-01-31 09:33:54Z INFO CommandSettings] Flag 'no-default-labels': 'False'
[2025-01-31 09:33:55Z INFO CommandSettings] Flag 'disableupdate': 'False'
[2025-01-31 09:33:55Z INFO CommandSettings] Flag 'ephemeral': 'False'
[2025-01-31 09:33:55Z INFO ConfigurationStore] Saving OAuth credential @ C:\metanet\workspace-spring\CICDPrj2\actions-runner\.credentials
[2025-01-31 09:33:55Z INFO ConfigurationStore] Credentials Saved.
[2025-01-31 09:33:55Z INFO ConfigurationStore] HasCredentials()
[2025-01-31 09:33:55Z INFO ConfigurationStore] stored True
[2025-01-31 09:33:55Z INFO CredentialManager] GetCredentialProvider
[2025-01-31 09:33:55Z INFO CredentialManager] Creating type OAuth
[2025-01-31 09:33:55Z INFO CredentialManager] Creating credential type: OAuth
[2025-01-31 09:33:55Z INFO RSAEncryptedFileKeyManager] Loading RSA key parameters from file C:\metanet\workspace-spring\CICDPrj2\actions-runner\.credentials_rsaparams
[2025-01-31 09:33:55Z INFO RunnerServer] EstablishVssConnection
[2025-01-31 09:33:55Z INFO RunnerServer] Establish connection with 100 seconds timeout.
[2025-01-31 09:33:55Z INFO GitHubActionsService] Starting operation Location.GetConnectionData
[2025-01-31 09:33:55Z INFO RunnerServer] EstablishVssConnection
[2025-01-31 09:33:55Z INFO RunnerServer] Establish connection with 60 seconds timeout.
[2025-01-31 09:33:55Z INFO GitHubActionsService] Starting operation Location.GetConnectionData
[2025-01-31 09:33:55Z INFO RunnerServer] EstablishVssConnection
[2025-01-31 09:33:55Z INFO RunnerServer] Establish connection with 60 seconds timeout.
[2025-01-31 09:33:55Z INFO GitHubActionsService] Starting operation Location.GetConnectionData
[2025-01-31 09:33:55Z INFO GitHubActionsService] Finished operation Location.GetConnectionData
[2025-01-31 09:33:55Z INFO GitHubActionsService] Finished operation Location.GetConnectionData
[2025-01-31 09:33:55Z INFO GitHubActionsService] Finished operation Location.GetConnectionData
[2025-01-31 09:33:56Z INFO RSAEncryptedFileKeyManager] Loading RSA key parameters from file C:\metanet\workspace-spring\CICDPrj2\actions-runner\.credentials_rsaparams
[2025-01-31 09:33:56Z INFO RSAEncryptedFileKeyManager] Loading RSA key parameters from file C:\metanet\workspace-spring\CICDPrj2\actions-runner\.credentials_rsaparams
[2025-01-31 09:33:56Z INFO GitHubActionsService] AAD Correlation ID for this token request: Unknown
[2025-01-31 09:33:57Z INFO CommandSettings] Arg 'work': ''
[2025-01-31 09:33:57Z INFO CommandSettings] Flag 'unattended': 'False'
[2025-01-31 09:33:57Z INFO PromptManager] ReadValue
[2025-01-31 09:33:57Z INFO Terminal] WRITE: Enter name of work folder: 
[2025-01-31 09:33:57Z INFO Terminal] WRITE: [press Enter for _work] 
[2025-01-31 09:33:57Z INFO Terminal] READ LINE
[2025-01-31 09:33:58Z INFO Terminal] Read value: ''
[2025-01-31 09:33:58Z INFO PromptManager] Falling back to the default: '_work'
[2025-01-31 09:33:58Z INFO ConfigurationStore] Saving runner settings.
[2025-01-31 09:33:58Z INFO ConfigurationStore] Settings Saved.
[2025-01-31 09:33:58Z INFO Terminal] WRITE LINE: 
[2025-01-31 09:33:58Z INFO Terminal] WRITE LINE: 
[2025-01-31 09:33:58Z INFO CommandSettings] Flag 'runasservice': 'False'
[2025-01-31 09:33:58Z INFO CommandSettings] Flag 'unattended': 'False'
[2025-01-31 09:33:58Z INFO PromptManager] ReadValue
[2025-01-31 09:33:58Z INFO Terminal] WRITE: Would you like to run the runner as service? (Y/N) 
[2025-01-31 09:33:58Z INFO Terminal] WRITE: [press Enter for N] 
[2025-01-31 09:33:58Z INFO Terminal] READ LINE
[2025-01-31 09:33:58Z INFO Terminal] Read value: ''
[2025-01-31 09:33:58Z INFO PromptManager] Falling back to the default: 'N'
[2025-01-31 09:33:58Z INFO Listener] Runner execution has finished with return code 0
