[2025-01-31 09:34:04Z INFO HostContext] No proxy settings were found based on environmental variables (http_proxy/https_proxy/HTTP_PROXY/HTTPS_PROXY)
[2025-01-31 09:34:04Z INFO HostContext] Well known directory 'Bin': 'C:\metanet\workspace-spring\CICDPrj2\actions-runner\bin'
[2025-01-31 09:34:04Z INFO HostContext] Well known directory 'Root': 'C:\metanet\workspace-spring\CICDPrj2\actions-runner'
[2025-01-31 09:34:04Z INFO HostContext] Well known config file 'Credentials': 'C:\metanet\workspace-spring\CICDPrj2\actions-runner\.credentials'
[2025-01-31 09:34:05Z INFO HostContext] Well known directory 'Bin': 'C:\metanet\workspace-spring\CICDPrj2\actions-runner\bin'
[2025-01-31 09:34:05Z INFO HostContext] Well known directory 'Root': 'C:\metanet\workspace-spring\CICDPrj2\actions-runner'
[2025-01-31 09:34:05Z INFO HostContext] Well known config file 'Runner': 'C:\metanet\workspace-spring\CICDPrj2\actions-runner\.runner'
[2025-01-31 09:34:05Z INFO Listener] Runner is built for Windows (X64) - win-x64.
[2025-01-31 09:34:05Z INFO Listener] RuntimeInformation: Microsoft Windows 10.0.22631.
[2025-01-31 09:34:05Z INFO Listener] Version: 2.321.0
[2025-01-31 09:34:05Z INFO Listener] Commit: e249007931b7c8e857797fa259c167f0bd4f997a
[2025-01-31 09:34:05Z INFO Listener] Culture: ko-KR
[2025-01-31 09:34:05Z INFO Listener] UI Culture: ko-KR
[2025-01-31 09:34:05Z INFO HostContext] Well known directory 'Bin': 'C:\metanet\workspace-spring\CICDPrj2\actions-runner\bin'
[2025-01-31 09:34:05Z INFO HostContext] Well known directory 'Root': 'C:\metanet\workspace-spring\CICDPrj2\actions-runner'
[2025-01-31 09:34:05Z INFO Listener] Validating directory permissions for: 'C:\metanet\workspace-spring\CICDPrj2\actions-runner'
[2025-01-31 09:34:05Z INFO CommandLineParser] Parse
[2025-01-31 09:34:05Z INFO CommandLineParser] Parsing 1 args
[2025-01-31 09:34:05Z INFO CommandLineParser] parsing argument
[2025-01-31 09:34:05Z INFO CommandLineParser] HasArgs: False
[2025-01-31 09:34:05Z INFO CommandLineParser] Adding Command: run
[2025-01-31 09:34:05Z INFO Listener] Arguments parsed
[2025-01-31 09:34:05Z INFO Runner] ExecuteCommand
[2025-01-31 09:34:05Z INFO ConfigurationStore] currentAssemblyLocation: C:\metanet\workspace-spring\CICDPrj2\actions-runner\bin\Runner.Listener.dll
[2025-01-31 09:34:05Z INFO HostContext] Well known directory 'Bin': 'C:\metanet\workspace-spring\CICDPrj2\actions-runner\bin'
[2025-01-31 09:34:05Z INFO ConfigurationStore] binPath: C:\metanet\workspace-spring\CICDPrj2\actions-runner\bin
[2025-01-31 09:34:05Z INFO HostContext] Well known directory 'Bin': 'C:\metanet\workspace-spring\CICDPrj2\actions-runner\bin'
[2025-01-31 09:34:05Z INFO HostContext] Well known directory 'Root': 'C:\metanet\workspace-spring\CICDPrj2\actions-runner'
[2025-01-31 09:34:05Z INFO ConfigurationStore] RootFolder: C:\metanet\workspace-spring\CICDPrj2\actions-runner
[2025-01-31 09:34:05Z INFO HostContext] Well known directory 'Bin': 'C:\metanet\workspace-spring\CICDPrj2\actions-runner\bin'
[2025-01-31 09:34:05Z INFO HostContext] Well known directory 'Root': 'C:\metanet\workspace-spring\CICDPrj2\actions-runner'
[2025-01-31 09:34:05Z INFO HostContext] Well known config file 'Runner': 'C:\metanet\workspace-spring\CICDPrj2\actions-runner\.runner'
[2025-01-31 09:34:05Z INFO ConfigurationStore] ConfigFilePath: C:\metanet\workspace-spring\CICDPrj2\actions-runner\.runner
[2025-01-31 09:34:05Z INFO HostContext] Well known directory 'Bin': 'C:\metanet\workspace-spring\CICDPrj2\actions-runner\bin'
[2025-01-31 09:34:05Z INFO HostContext] Well known directory 'Root': 'C:\metanet\workspace-spring\CICDPrj2\actions-runner'
[2025-01-31 09:34:05Z INFO HostContext] Well known config file 'Credentials': 'C:\metanet\workspace-spring\CICDPrj2\actions-runner\.credentials'
[2025-01-31 09:34:05Z INFO ConfigurationStore] CredFilePath: C:\metanet\workspace-spring\CICDPrj2\actions-runner\.credentials
[2025-01-31 09:34:05Z INFO HostContext] Well known directory 'Bin': 'C:\metanet\workspace-spring\CICDPrj2\actions-runner\bin'
[2025-01-31 09:34:05Z INFO HostContext] Well known directory 'Root': 'C:\metanet\workspace-spring\CICDPrj2\actions-runner'
[2025-01-31 09:34:05Z INFO HostContext] Well known config file 'MigratedCredentials': 'C:\metanet\workspace-spring\CICDPrj2\actions-runner\.credentials_migrated'
[2025-01-31 09:34:05Z INFO ConfigurationStore] MigratedCredFilePath: C:\metanet\workspace-spring\CICDPrj2\actions-runner\.credentials_migrated
[2025-01-31 09:34:05Z INFO HostContext] Well known directory 'Bin': 'C:\metanet\workspace-spring\CICDPrj2\actions-runner\bin'
[2025-01-31 09:34:05Z INFO HostContext] Well known directory 'Root': 'C:\metanet\workspace-spring\CICDPrj2\actions-runner'
[2025-01-31 09:34:05Z INFO HostContext] Well known config file 'Service': 'C:\metanet\workspace-spring\CICDPrj2\actions-runner\.service'
[2025-01-31 09:34:05Z INFO ConfigurationStore] ServiceConfigFilePath: C:\metanet\workspace-spring\CICDPrj2\actions-runner\.service
[2025-01-31 09:34:05Z INFO CommandSettings] Flag 'help': 'False'
[2025-01-31 09:34:05Z INFO CommandSettings] Flag 'version': 'False'
[2025-01-31 09:34:05Z INFO CommandSettings] Flag 'commit': 'False'
[2025-01-31 09:34:05Z INFO CommandSettings] Flag 'check': 'False'
[2025-01-31 09:34:05Z INFO CommandSettings] Command 'configure': 'False'
[2025-01-31 09:34:05Z INFO CommandSettings] Command 'remove': 'False'
[2025-01-31 09:34:05Z INFO CommandSettings] Command 'warmup': 'False'
[2025-01-31 09:34:05Z INFO ConfigurationManager] LoadSettings
[2025-01-31 09:34:05Z INFO ConfigurationStore] IsConfigured()
[2025-01-31 09:34:05Z INFO ConfigurationStore] IsConfigured: True
[2025-01-31 09:34:05Z INFO ConfigurationManager] Is configured: True
[2025-01-31 09:34:05Z INFO ConfigurationStore] Read setting file: 307 chars
[2025-01-31 09:34:05Z INFO ConfigurationManager] Settings Loaded
[2025-01-31 09:34:05Z INFO ConfigurationStore] IsServiceConfigured()
[2025-01-31 09:34:05Z INFO ConfigurationStore] IsServiceConfigured: False
[2025-01-31 09:34:05Z INFO CommandSettings] Command 'run': 'True'
[2025-01-31 09:34:05Z INFO ConfigurationStore] IsConfigured()
[2025-01-31 09:34:05Z INFO ConfigurationStore] IsConfigured: True
[2025-01-31 09:34:05Z INFO ConfigurationManager] Is configured: True
[2025-01-31 09:34:05Z INFO Runner] Could not parse the argument value '' for StartupType. Defaulting to Manual
[2025-01-31 09:34:05Z INFO Runner] Set runner startup type - Manual
[2025-01-31 09:34:05Z INFO CommandSettings] Flag 'once': 'False'
[2025-01-31 09:34:05Z INFO CommandSettings] Flag 'once': 'False'
[2025-01-31 09:34:05Z INFO Runner] RunAsync
[2025-01-31 09:34:05Z INFO ConfigurationManager] LoadSettings
[2025-01-31 09:34:05Z INFO ConfigurationStore] IsConfigured()
[2025-01-31 09:34:05Z INFO ConfigurationStore] IsConfigured: True
[2025-01-31 09:34:05Z INFO ConfigurationManager] Is configured: True
[2025-01-31 09:34:05Z INFO ConfigurationManager] Settings Loaded
[2025-01-31 09:34:05Z INFO MessageListener] {
  "AgentId": 2,
  "AgentName": "DESKTOP-J111HJM",
  "PoolId": 1,
  "PoolName": "Default",
  "ServerUrl": "https://pipelinesghubeus13.actions.githubusercontent.com/WNQ04EYywFXIdJw6XbeCXW2l7ZWoM0xQgvEfODUEabt5lm9f3n/",
  "GitHubUrl": "https://github.com/yoohyelin/pracicd",
  "WorkFolder": "_work"
}
[2025-01-31 09:34:05Z INFO MessageListener] Loading Credentials
[2025-01-31 09:34:05Z INFO ConfigurationStore] HasCredentials()
[2025-01-31 09:34:05Z INFO ConfigurationStore] stored True
[2025-01-31 09:34:05Z INFO CredentialManager] GetCredentialProvider
[2025-01-31 09:34:05Z INFO CredentialManager] Creating type OAuth
[2025-01-31 09:34:05Z INFO CredentialManager] Creating credential type: OAuth
[2025-01-31 09:34:05Z INFO HostContext] Well known directory 'Bin': 'C:\metanet\workspace-spring\CICDPrj2\actions-runner\bin'
[2025-01-31 09:34:05Z INFO HostContext] Well known directory 'Root': 'C:\metanet\workspace-spring\CICDPrj2\actions-runner'
[2025-01-31 09:34:05Z INFO HostContext] Well known config file 'RSACredentials': 'C:\metanet\workspace-spring\CICDPrj2\actions-runner\.credentials_rsaparams'
[2025-01-31 09:34:05Z INFO RSAEncryptedFileKeyManager] Loading RSA key parameters from file C:\metanet\workspace-spring\CICDPrj2\actions-runner\.credentials_rsaparams
[2025-01-31 09:34:05Z INFO MessageListener] Attempt to create session.
[2025-01-31 09:34:05Z INFO MessageListener] Connecting to the Runner Server...
[2025-01-31 09:34:05Z INFO RunnerServer] EstablishVssConnection
[2025-01-31 09:34:05Z INFO RunnerServer] Establish connection with 100 seconds timeout.
[2025-01-31 09:34:05Z INFO GitHubActionsService] Starting operation Location.GetConnectionData
[2025-01-31 09:34:05Z INFO RunnerServer] EstablishVssConnection
[2025-01-31 09:34:05Z INFO RunnerServer] Establish connection with 60 seconds timeout.
[2025-01-31 09:34:05Z INFO GitHubActionsService] Starting operation Location.GetConnectionData
[2025-01-31 09:34:05Z INFO RunnerServer] EstablishVssConnection
[2025-01-31 09:34:05Z INFO RunnerServer] Establish connection with 60 seconds timeout.
[2025-01-31 09:34:05Z INFO GitHubActionsService] Starting operation Location.GetConnectionData
[2025-01-31 09:34:06Z INFO GitHubActionsService] Finished operation Location.GetConnectionData
[2025-01-31 09:34:06Z INFO GitHubActionsService] Finished operation Location.GetConnectionData
[2025-01-31 09:34:06Z INFO GitHubActionsService] Finished operation Location.GetConnectionData
[2025-01-31 09:34:06Z INFO MessageListener] VssConnection created
[2025-01-31 09:34:06Z INFO Terminal] WRITE LINE: 
[2025-01-31 09:34:06Z INFO Terminal] WRITE LINE: 
[2025-01-31 09:34:06Z INFO RSAEncryptedFileKeyManager] Loading RSA key parameters from file C:\metanet\workspace-spring\CICDPrj2\actions-runner\.credentials_rsaparams
[2025-01-31 09:34:06Z INFO RSAEncryptedFileKeyManager] Loading RSA key parameters from file C:\metanet\workspace-spring\CICDPrj2\actions-runner\.credentials_rsaparams
[2025-01-31 09:34:07Z INFO GitHubActionsService] AAD Correlation ID for this token request: Unknown
[2025-01-31 09:34:07Z INFO MessageListener] Session created.
[2025-01-31 09:34:07Z INFO Terminal] WRITE LINE: Current runner version: '2.321.0'
[2025-01-31 09:34:07Z INFO Terminal] WRITE LINE: 2025-01-31 09:34:07Z: Listening for Jobs
[2025-01-31 09:34:07Z INFO JobDispatcher] Set runner/worker IPC timeout to 30 seconds.
[2025-01-31 09:34:08Z INFO RSAEncryptedFileKeyManager] Loading RSA key parameters from file C:\metanet\workspace-spring\CICDPrj2\actions-runner\.credentials_rsaparams
[2025-01-31 09:34:08Z INFO GitHubActionsService] AAD Correlation ID for this token request: Unknown
